# JRE version: Java(TM) SE Runtime Environment (8.0_101-b13) (build 1.8.0_101-b13)
# Java VM: Java HotSpot(TM) Client VM (25.101-b13 mixed mode windows-x86 )
Heap:
 def new generation   total 4928K, used 602K [0x04200000, 0x04750000, 0x09750000)
  eden space 4416K,   2% used [0x04200000, 0x04216b70, 0x04650000)
  from space 512K,  99% used [0x046d0000, 0x0474fff8, 0x04750000)
  to   space 512K,   0% used [0x04650000, 0x04650000, 0x046d0000)
 tenured generation   total 10944K, used 5840K [0x09750000, 0x0a200000, 0x14200000)
   the space 10944K,  53% used [0x09750000, 0x09d04260, 0x09d04400, 0x0a200000)
 Metaspace       used 7678K, capacity 7851K, committed 7936K, reserved 8576K
GC Heap History (10 events):
Event: 0.805 GC heap before
{Heap before GC invocations=2 (full 0):
 def new generation   total 4928K, used 4928K [0x04200000, 0x04750000, 0x09750000)
  eden space 4416K, 100% used [0x04200000, 0x04650000, 0x04650000)
  from space 512K, 100% used [0x04650000, 0x046d0000, 0x046d0000)
  to   space 512K,   0% used [0x046d0000, 0x046d0000, 0x04750000)
 tenured generation   total 10944K, used 1577K [0x09750000, 0x0a200000, 0x14200000)
   the space 10944K,  14% used [0x09750000, 0x098da6b0, 0x098da800, 0x0a200000)
 Metaspace       used 5296K, capacity 5478K, committed 5504K, reserved 5504K
Event: 0.809 GC heap after
Heap after GC invocations=3 (full 0):
 def new generation   total 4928K, used 512K [0x04200000, 0x04750000, 0x09750000)
  eden space 4416K,   0% used [0x04200000, 0x04200000, 0x04650000)
  from space 512K, 100% used [0x046d0000, 0x04750000, 0x04750000)
  to   space 512K,   0% used [0x04650000, 0x04650000, 0x046d0000)
 tenured generation   total 10944K, used 2423K [0x09750000, 0x0a200000, 0x14200000)
   the space 10944K,  22% used [0x09750000, 0x099ade20, 0x099ae000, 0x0a200000)
 Metaspace       used 5296K, capacity 5478K, committed 5504K, reserved 5504K
}
Event: 0.927 GC heap before
{Heap before GC invocations=3 (full 0):
 def new generation   total 4928K, used 4928K [0x04200000, 0x04750000, 0x09750000)
  eden space 4416K, 100% used [0x04200000, 0x04650000, 0x04650000)
  from space 512K, 100% used [0x046d0000, 0x04750000, 0x04750000)
  to   space 512K,   0% used [0x04650000, 0x04650000, 0x046d0000)
 tenured generation   total 10944K, used 2423K [0x09750000, 0x0a200000, 0x14200000)
   the space 10944K,  22% used [0x09750000, 0x099ade20, 0x099ae000, 0x0a200000)
 Metaspace       used 6041K, capacity 6214K, committed 6272K, reserved 6528K
Event: 0.931 GC heap after
Heap after GC invocations=4 (full 0):
 def new generation   total 4928K, used 512K [0x04200000, 0x04750000, 0x09750000)
  eden space 4416K,   0% used [0x04200000, 0x04200000, 0x04650000)
  from space 512K, 100% used [0x04650000, 0x046d0000, 0x046d0000)
  to   space 512K,   0% used [0x046d0000, 0x046d0000, 0x04750000)
 tenured generation   total 10944K, used 2939K [0x09750000, 0x0a200000, 0x14200000)
   the space 10944K,  26% used [0x09750000, 0x09a2ec50, 0x09a2ee00, 0x0a200000)
 Metaspace       used 6041K, capacity 6214K, committed 6272K, reserved 6528K
}
Event: 1.075 GC heap before
{Heap before GC invocations=4 (full 0):
 def new generation   total 4928K, used 4928K [0x04200000, 0x04750000, 0x09750000)
  eden space 4416K, 100% used [0x04200000, 0x04650000, 0x04650000)
  from space 512K, 100% used [0x04650000, 0x046d0000, 0x046d0000)
  to   space 512K,   0% used [0x046d0000, 0x046d0000, 0x04750000)
 tenured generation   total 10944K, used 2939K [0x09750000, 0x0a200000, 0x14200000)
   the space 10944K,  26% used [0x09750000, 0x09a2ec50, 0x09a2ee00, 0x0a200000)
 Metaspace       used 6370K, capacity 6534K, committed 6656K, reserved 7552K
Event: 1.084 GC heap after
Heap after GC invocations=5 (full 0):
 def new generation   total 4928K, used 512K [0x04200000, 0x04750000, 0x09750000)
  eden space 4416K,   0% used [0x04200000, 0x04200000, 0x04650000)
  from space 512K, 100% used [0x046d0000, 0x04750000, 0x04750000)
  to   space 512K,   0% used [0x04650000, 0x04650000, 0x046d0000)
 tenured generation   total 10944K, used 4051K [0x09750000, 0x0a200000, 0x14200000)
   the space 10944K,  37% used [0x09750000, 0x09b44c78, 0x09b44e00, 0x0a200000)
 Metaspace       used 6370K, capacity 6534K, committed 6656K, reserved 7552K
}
Event: 1.235 GC heap before
{Heap before GC invocations=5 (full 0):
 def new generation   total 4928K, used 4921K [0x04200000, 0x04750000, 0x09750000)
  eden space 4416K,  99% used [0x04200000, 0x0464e608, 0x04650000)
  from space 512K, 100% used [0x046d0000, 0x04750000, 0x04750000)
  to   space 512K,   0% used [0x04650000, 0x04650000, 0x046d0000)
 tenured generation   total 10944K, used 4051K [0x09750000, 0x0a200000, 0x14200000)
   the space 10944K,  37% used [0x09750000, 0x09b44c78, 0x09b44e00, 0x0a200000)
 Metaspace       used 7043K, capacity 7206K, committed 7296K, reserved 7552K
Event: 1.240 GC heap after
Heap after GC invocations=6 (full 0):
 def new generation   total 4928K, used 512K [0x04200000, 0x04750000, 0x09750000)
  eden space 4416K,   0% used [0x04200000, 0x04200000, 0x04650000)
  from space 512K, 100% used [0x04650000, 0x046d0000, 0x046d0000)
  to   space 512K,   0% used [0x046d0000, 0x046d0000, 0x04750000)
 tenured generation   total 10944K, used 4980K [0x09750000, 0x0a200000, 0x14200000)
   the space 10944K,  45% used [0x09750000, 0x09c2d120, 0x09c2d200, 0x0a200000)
 Metaspace       used 7043K, capacity 7206K, committed 7296K, reserved 7552K
}
Event: 1.386 GC heap before
{Heap before GC invocations=6 (full 0):
 def new generation   total 4928K, used 4928K [0x04200000, 0x04750000, 0x09750000)
  eden space 4416K, 100% used [0x04200000, 0x04650000, 0x04650000)
  from space 512K, 100% used [0x04650000, 0x046d0000, 0x046d0000)
  to   space 512K,   0% used [0x046d0000, 0x046d0000, 0x04750000)
 tenured generation   total 10944K, used 4980K [0x09750000, 0x0a200000, 0x14200000)
   the space 10944K,  45% used [0x09750000, 0x09c2d120, 0x09c2d200, 0x0a200000)
 Metaspace       used 7678K, capacity 7851K, committed 7936K, reserved 8576K
Event: 1.390 GC heap after
Heap after GC invocations=7 (full 0):
 def new generation   total 4928K, used 511K [0x04200000, 0x04750000, 0x09750000)
  eden space 4416K,   0% used [0x04200000, 0x04200000, 0x04650000)
  from space 512K,  99% used [0x046d0000, 0x0474fff8, 0x04750000)
  to   space 512K,   0% used [0x04650000, 0x04650000, 0x046d0000)
 tenured generation   total 10944K, used 5840K [0x09750000, 0x0a200000, 0x14200000)
   the space 10944K,  53% used [0x09750000, 0x09d04260, 0x09d04400, 0x0a200000)
 Metaspace       used 7678K, capacity 7851K, committed 7936K, reserved 8576K
}

